<?xml version="1.0" encoding="UTF-8"?>
<!-- Generated by org.testng.reporters.JUnitXMLReporter -->
<testsuite ignored="0" hostname="DESKTOP-V3J6DCO" failures="1" tests="1" name="Surefire test" time="1.412" errors="0" timestamp="2025-05-19T20:13:58 BRT">
  <testcase classname="testes.LoginTest" name="loginSucesso" time="0.002">
    <failure type="org.openqa.selenium.NoSuchElementException" message="Elemento não encontrado: By.xpath: //*[@class=&amp;apos;btn-entrar&amp;apos;]
For documentation on this error, please visit: https://www.selenium.dev/documentation/webdriver/troubleshooting/errors#no-such-element-exception
Build info: version: &amp;apos;4.32.0&amp;apos;, revision: &amp;apos;d17c8aa950&amp;apos;
System info: os.name: &amp;apos;Windows 10&amp;apos;, os.arch: &amp;apos;amd64&amp;apos;, os.version: &amp;apos;10.0&amp;apos;, java.version: &amp;apos;21.0.6&amp;apos;
Driver info: driver.version: unknown">
      <![CDATA[org.openqa.selenium.NoSuchElementException: Elemento não encontrado: By.xpath: //*[@class='btn-entrar']
For documentation on this error, please visit: https://www.selenium.dev/documentation/webdriver/troubleshooting/errors#no-such-element-exception
Build info: version: '4.32.0', revision: 'd17c8aa950'
System info: os.name: 'Windows 10', os.arch: 'amd64', os.version: '10.0', java.version: '21.0.6'
Driver info: driver.version: unknown
at metodos.Metodos.clicar(Metodos.java:26)
at pages.HomePage.login(HomePage.java:15)
at testes.LoginTest.loginSucesso(LoginTest.java:25)
at java.base/java.util.ArrayList.forEach(ArrayList.java:1596)
... Removed 30 stack frames]]>
    </failure>
  </testcase> <!-- loginSucesso -->
</testsuite> <!-- Surefire test -->
